c:\users\sorin\onedrive\desktop\programming\c++\space-shooter\sdl_gametemplate\x64\debug\vc143.pdb
c:\users\sorin\onedrive\desktop\programming\c++\space-shooter\sdl_gametemplate\x64\debug\vc143.idb
c:\users\sorin\onedrive\desktop\programming\c++\space-shooter\sdl_gametemplate\x64\debug\texturemanager.obj
c:\users\sorin\onedrive\desktop\programming\c++\space-shooter\sdl_gametemplate\x64\debug\player.obj
c:\users\sorin\onedrive\desktop\programming\c++\space-shooter\sdl_gametemplate\x64\debug\map.obj
c:\users\sorin\onedrive\desktop\programming\c++\space-shooter\sdl_gametemplate\x64\debug\main.obj
c:\users\sorin\onedrive\desktop\programming\c++\space-shooter\sdl_gametemplate\x64\debug\gameobject.obj
c:\users\sorin\onedrive\desktop\programming\c++\space-shooter\sdl_gametemplate\x64\debug\game.obj
c:\users\sorin\onedrive\desktop\programming\c++\space-shooter\x64\debug\sdl_gametemplate.exe
c:\users\sorin\onedrive\desktop\programming\c++\space-shooter\sdl_gametemplate\x64\debug\sdl_gametemplate.ilk
c:\users\sorin\onedrive\desktop\programming\c++\space-shooter\x64\debug\sdl_gametemplate.pdb
c:\users\sorin\onedrive\desktop\programming\c++\space-shooter\sdl_gametemplate\x64\debug\vc142.idb
c:\users\sorin\onedrive\desktop\programming\c++\space-shooter\sdl_gametemplate\x64\debug\vc142.pdb
c:\users\sorin\onedrive\desktop\programming\c++\space-shooter\x64\debug\sdl_gametemplate.ilk
c:\users\sorin\onedrive\desktop\programming\c++\space-shooter\sdl_gametemplate\x64\debug\sdl_gametemplate.tlog\cl.command.1.tlog
c:\users\sorin\onedrive\desktop\programming\c++\space-shooter\sdl_gametemplate\x64\debug\sdl_gametemplate.tlog\cl.read.1.tlog
c:\users\sorin\onedrive\desktop\programming\c++\space-shooter\sdl_gametemplate\x64\debug\sdl_gametemplate.tlog\cl.write.1.tlog
c:\users\sorin\onedrive\desktop\programming\c++\space-shooter\sdl_gametemplate\x64\debug\sdl_gametemplate.tlog\link.command.1.tlog
c:\users\sorin\onedrive\desktop\programming\c++\space-shooter\sdl_gametemplate\x64\debug\sdl_gametemplate.tlog\link.read.1.tlog
c:\users\sorin\onedrive\desktop\programming\c++\space-shooter\sdl_gametemplate\x64\debug\sdl_gametemplate.tlog\link.write.1.tlog
